[2019-05-04T20:01:05.409] [INFO] sdi - Admin ha reseteado la base de datos
[2019-05-04T20:01:06.290] [INFO] sdi - Usuario admin creado
[2019-05-04T20:02:17.085] [INFO] sdi - Admin ha reseteado la base de datos
[2019-05-04T20:02:17.917] [INFO] sdi - Usuario admin creado
[2019-05-04T20:04:30.960] [INFO] sdi - Admin ha reseteado la base de datos
[2019-05-04T20:04:31.941] [INFO] sdi - Usuario admin creado
[2019-05-04T20:27:13.465] [INFO] sdi - Admin ha reseteado la base de datos
[2019-05-04T20:27:14.304] [INFO] sdi - Usuario admin creado
[2019-05-04T20:27:45.637] [INFO] sdi - Admin ha reseteado la base de datos
[2019-05-04T20:27:46.460] [INFO] sdi - Usuario admin creado
[2019-05-04T20:28:07.285] [INFO] sdi - Admin ha reseteado la base de datos
[2019-05-04T20:28:08.115] [INFO] sdi - Usuario admin creado
[2019-05-04T20:30:48.009] [INFO] sdi - Admin ha reseteado la base de datos
[2019-05-04T20:30:48.842] [INFO] sdi - Usuario admin creado
[2019-05-04T20:32:35.669] [INFO] sdi - Admin ha reseteado la base de datos
[2019-05-04T20:32:36.506] [INFO] sdi - Usuario admin creado
[2019-05-04T20:33:42.137] [INFO] sdi - Admin ha reseteado la base de datos
[2019-05-04T20:33:42.949] [INFO] sdi - Usuario admin creado
[2019-05-04T20:39:38.185] [INFO] sdi - Admin ha reseteado la base de datos
[2019-05-04T20:39:39.028] [INFO] sdi - Usuario admin creado
[2019-05-04T20:40:31.025] [INFO] sdi - Admin ha reseteado la base de datos
[2019-05-04T20:40:31.901] [INFO] sdi - Usuario admin creado
[2019-05-04T20:41:28.942] [INFO] sdi - Admin ha reseteado la base de datos
[2019-05-04T20:41:29.751] [INFO] sdi - Usuario admin creado
[2019-05-04T20:42:27.308] [INFO] sdi - Admin ha reseteado la base de datos
[2019-05-04T20:42:28.123] [INFO] sdi - Usuario admin creado
[2019-05-04T20:43:17.384] [INFO] sdi - Admin ha reseteado la base de datos
[2019-05-04T20:43:18.345] [INFO] sdi - Usuario admin creado
[2019-05-04T20:44:19.936] [INFO] sdi - Admin ha reseteado la base de datos
[2019-05-04T20:44:20.818] [INFO] sdi - Usuario admin creado
[2019-05-04T20:45:06.590] [INFO] sdi - Admin ha reseteado la base de datos
[2019-05-04T20:45:07.411] [INFO] sdi - Usuario admin creado
[2019-05-04T20:46:14.847] [INFO] sdi - Admin ha reseteado la base de datos
[2019-05-04T20:46:15.658] [INFO] sdi - Usuario admin creado
[2019-05-04T20:47:13.314] [INFO] sdi - Admin ha reseteado la base de datos
[2019-05-04T20:47:14.162] [INFO] sdi - Usuario admin creado
[2019-05-04T20:48:43.477] [INFO] sdi - Admin ha reseteado la base de datos
[2019-05-04T20:48:44.307] [INFO] sdi - Usuario admin creado
[2019-05-04T20:52:17.198] [INFO] sdi - Admin ha reseteado la base de datos
[2019-05-04T20:52:18.012] [INFO] sdi - Usuario admin creado
[2019-05-04T20:53:41.819] [INFO] sdi - Admin ha reseteado la base de datos
[2019-05-04T20:53:42.647] [INFO] sdi - Usuario admin creado
[2019-05-04T20:55:24.700] [INFO] sdi - Admin ha reseteado la base de datos
[2019-05-04T20:55:25.505] [INFO] sdi - Usuario admin creado
[2019-05-04T20:57:23.754] [INFO] sdi - Admin ha reseteado la base de datos
[2019-05-04T20:57:24.618] [INFO] sdi - Usuario admin creado
[2019-05-04T20:59:20.368] [INFO] sdi - Admin ha reseteado la base de datos
[2019-05-04T20:59:21.253] [INFO] sdi - Usuario admin creado
[2019-05-04T20:59:45.775] [INFO] sdi - Nueva oferta:La oferta se publicó correctamente
[2019-05-04T20:59:51.316] [INFO] sdi - Ofertas propias:Se van a mostrar las ofertas
[2019-05-04T21:01:21.505] [INFO] sdi - Admin ha reseteado la base de datos
[2019-05-04T21:01:22.373] [INFO] sdi - Usuario admin creado
[2019-05-04T21:03:05.653] [INFO] sdi - Admin ha reseteado la base de datos
[2019-05-04T21:03:06.471] [INFO] sdi - Usuario admin creado
[2019-05-04T21:03:25.449] [INFO] sdi - Ofertas propias:Se van a mostrar las ofertas
[2019-05-04T21:10:21.256] [INFO] sdi - Admin ha reseteado la base de datos
[2019-05-04T21:10:22.155] [INFO] sdi - Usuario admin creado
[2019-05-04T21:10:40.777] [INFO] sdi - Ofertas propias:Se van a mostrar las ofertas
[2019-05-04T21:10:46.475] [INFO] sdi - Eliminar oferta:La oferta se eliminó correctamente
[2019-05-04T21:10:46.939] [INFO] sdi - Ofertas propias:Se van a mostrar las ofertas
[2019-05-04T21:11:53.501] [INFO] sdi - Admin ha reseteado la base de datos
[2019-05-04T21:11:54.304] [INFO] sdi - Usuario admin creado
[2019-05-04T21:12:16.834] [INFO] sdi - Admin ha reseteado la base de datos
[2019-05-04T21:12:17.619] [INFO] sdi - Usuario admin creado
[2019-05-04T21:12:36.278] [INFO] sdi - Ofertas propias:Se van a mostrar las ofertas
[2019-05-04T21:12:36.768] [INFO] sdi - Eliminar oferta:La oferta se eliminó correctamente
[2019-05-04T21:12:37.195] [INFO] sdi - Ofertas propias:Se van a mostrar las ofertas
[2019-05-04T21:13:10.656] [INFO] sdi - Eliminar oferta:La oferta se eliminó correctamente
[2019-05-04T21:13:11.103] [INFO] sdi - Ofertas propias:Se van a mostrar las ofertas
[2019-05-04T21:14:38.910] [INFO] sdi - Admin ha reseteado la base de datos
[2019-05-04T21:14:39.784] [INFO] sdi - Usuario admin creado
[2019-05-04T21:14:58.210] [INFO] sdi - Ofertas propias:Se van a mostrar las ofertas
[2019-05-04T21:16:51.505] [INFO] sdi - Admin ha reseteado la base de datos
[2019-05-04T21:16:52.417] [INFO] sdi - Usuario admin creado
[2019-05-04T21:17:11.164] [INFO] sdi - Ofertas propias:Se van a mostrar las ofertas
[2019-05-04T21:18:54.981] [INFO] sdi - Ofertas propias:Se van a mostrar las ofertas
[2019-05-04T21:19:03.062] [INFO] sdi - Eliminar oferta:La oferta se eliminó correctamente
[2019-05-04T21:19:03.456] [INFO] sdi - Ofertas propias:Se van a mostrar las ofertas
[2019-05-04T21:19:52.962] [INFO] sdi - Admin ha reseteado la base de datos
[2019-05-04T21:19:53.790] [INFO] sdi - Usuario admin creado
[2019-05-04T21:20:11.969] [INFO] sdi - Ofertas propias:Se van a mostrar las ofertas
[2019-05-04T21:21:23.075] [INFO] sdi - Admin ha reseteado la base de datos
[2019-05-04T21:21:23.849] [INFO] sdi - Usuario admin creado
[2019-05-04T21:21:42.202] [INFO] sdi - Ofertas propias:Se van a mostrar las ofertas
[2019-05-04T21:24:31.386] [INFO] sdi - Admin ha reseteado la base de datos
[2019-05-04T21:24:32.266] [INFO] sdi - Usuario admin creado
[2019-05-04T21:24:50.496] [INFO] sdi - Ofertas propias:Se van a mostrar las ofertas
[2019-05-04T21:24:56.042] [INFO] sdi - Eliminar oferta:La oferta se eliminó correctamente
[2019-05-04T21:24:56.453] [INFO] sdi - Ofertas propias:Se van a mostrar las ofertas
[2019-05-04T21:28:48.177] [INFO] sdi - Admin ha reseteado la base de datos
[2019-05-04T21:28:49.023] [INFO] sdi - Usuario admin creado
[2019-05-04T21:29:08.563] [INFO] sdi - Ofertas propias:Se van a mostrar las ofertas
[2019-05-04T21:29:09.072] [INFO] sdi - Eliminar oferta:La oferta se eliminó correctamente
[2019-05-04T21:29:09.476] [INFO] sdi - Ofertas propias:Se van a mostrar las ofertas
[2019-05-04T21:30:26.981] [INFO] sdi - Admin ha reseteado la base de datos
[2019-05-04T21:30:27.865] [INFO] sdi - Usuario admin creado
[2019-05-04T21:30:46.336] [INFO] sdi - Ofertas propias:Se van a mostrar las ofertas
[2019-05-04T21:30:46.915] [INFO] sdi - Eliminar oferta:La oferta se eliminó correctamente
[2019-05-04T21:30:47.612] [INFO] sdi - Ofertas propias:Se van a mostrar las ofertas
[2019-05-04T21:31:36.164] [INFO] sdi - Admin ha reseteado la base de datos
[2019-05-04T21:31:36.987] [INFO] sdi - Usuario admin creado
[2019-05-04T21:31:55.327] [INFO] sdi - Ofertas propias:Se van a mostrar las ofertas
[2019-05-04T21:32:00.842] [INFO] sdi - Eliminar oferta:La oferta se eliminó correctamente
[2019-05-04T21:32:01.262] [INFO] sdi - Ofertas propias:Se van a mostrar las ofertas
[2019-05-04T21:32:44.961] [INFO] sdi - Admin ha reseteado la base de datos
[2019-05-04T21:32:45.797] [INFO] sdi - Usuario admin creado
[2019-05-04T21:33:04.224] [INFO] sdi - Todas las ofertas:se van a mostrar todas las ofertas
[2019-05-04T21:34:30.409] [INFO] sdi - Admin ha reseteado la base de datos
[2019-05-04T21:34:31.226] [INFO] sdi - Usuario admin creado
[2019-05-04T21:34:52.617] [INFO] sdi - Todas las ofertas:se van a mostrar todas las ofertas
[2019-05-04T21:34:53.159] [INFO] sdi - Buscar oferta:se van a mostrar las ofertas que coinciden con la búsqueda
[2019-05-04T21:35:53.294] [INFO] sdi - Admin ha reseteado la base de datos
[2019-05-04T21:35:54.171] [INFO] sdi - Usuario admin creado
[2019-05-04T21:36:12.397] [INFO] sdi - Todas las ofertas:se van a mostrar todas las ofertas
[2019-05-04T21:37:12.635] [INFO] sdi - Admin ha reseteado la base de datos
[2019-05-04T21:37:13.469] [INFO] sdi - Usuario admin creado
[2019-05-04T21:37:32.500] [INFO] sdi - Todas las ofertas:se van a mostrar todas las ofertas
[2019-05-04T21:38:35.378] [INFO] sdi - Admin ha reseteado la base de datos
[2019-05-04T21:38:36.417] [INFO] sdi - Usuario admin creado
[2019-05-04T21:38:56.359] [INFO] sdi - Todas las ofertas:se van a mostrar todas las ofertas
[2019-05-04T21:38:57.189] [INFO] sdi - Buscar oferta:se van a mostrar las ofertas que coinciden con la búsqueda
[2019-05-04T21:41:28.808] [INFO] sdi - Admin ha reseteado la base de datos
[2019-05-04T21:41:29.644] [INFO] sdi - Usuario admin creado
[2019-05-04T21:41:48.470] [INFO] sdi - Todas las ofertas:se van a mostrar todas las ofertas
[2019-05-04T21:41:54.700] [INFO] sdi - Buscar oferta:se van a mostrar las ofertas que coinciden con la búsqueda
[2019-05-04T21:42:01.022] [INFO] sdi - Comprar oferta:La oferta se compró correctamente
[2019-05-04T21:42:01.457] [INFO] sdi - Comprar oferta:La oferta se compró correctamente
[2019-05-04T21:45:03.322] [INFO] sdi - Comprar oferta:La oferta se compró correctamente
[2019-05-04T21:48:06.338] [INFO] sdi - Admin ha reseteado la base de datos
[2019-05-04T21:48:07.174] [INFO] sdi - Usuario admin creado
[2019-05-04T21:48:27.096] [INFO] sdi - Todas las ofertas:se van a mostrar todas las ofertas
[2019-05-04T21:48:32.924] [INFO] sdi - Buscar oferta:se van a mostrar las ofertas que coinciden con la búsqueda
[2019-05-04T21:48:39.278] [INFO] sdi - Comprar oferta:La oferta se compró correctamente
[2019-05-04T21:48:39.709] [INFO] sdi - Comprar oferta:La oferta se compró correctamente
[2019-05-04T21:51:06.361] [INFO] sdi - Admin ha reseteado la base de datos
[2019-05-04T21:51:07.181] [INFO] sdi - Usuario admin creado
[2019-05-04T21:52:05.521] [INFO] sdi - Admin ha reseteado la base de datos
[2019-05-04T21:52:06.324] [INFO] sdi - Usuario admin creado
[2019-05-04T21:52:09.197] [INFO] sdi - Admin ha reseteado la base de datos
[2019-05-04T21:52:10.014] [INFO] sdi - Usuario admin creado
[2019-05-04T21:52:26.045] [INFO] sdi - Todas las ofertas:se van a mostrar todas las ofertas
[2019-05-04T21:52:31.861] [INFO] sdi - Buscar oferta:se van a mostrar las ofertas que coinciden con la búsqueda
[2019-05-04T21:52:36.088] [INFO] sdi - Admin ha reseteado la base de datos
[2019-05-04T21:52:36.938] [INFO] sdi - Usuario admin creado
[2019-05-04T21:52:37.372] [ERROR] sdi - Comprar oferta:La compra no pudo completarse
[2019-05-04T21:52:37.818] [INFO] sdi - Todas las ofertas:se van a mostrar todas las ofertas
[2019-05-04T21:52:55.525] [INFO] sdi - Todas las ofertas:se van a mostrar todas las ofertas
[2019-05-04T21:53:01.372] [INFO] sdi - Buscar oferta:se van a mostrar las ofertas que coinciden con la búsqueda
[2019-05-04T21:53:07.769] [INFO] sdi - Comprar oferta:La oferta se compró correctamente
[2019-05-04T21:53:08.190] [INFO] sdi - Comprar oferta:La oferta se compró correctamente
[2019-05-04T21:54:17.341] [INFO] sdi - Admin ha reseteado la base de datos
[2019-05-04T21:54:18.199] [INFO] sdi - Usuario admin creado
[2019-05-04T21:55:09.099] [INFO] sdi - Admin ha reseteado la base de datos
[2019-05-04T21:55:10.031] [INFO] sdi - Usuario admin creado
[2019-05-04T21:56:22.830] [INFO] sdi - Admin ha reseteado la base de datos
[2019-05-04T21:56:23.649] [INFO] sdi - Usuario admin creado
[2019-05-04T21:56:42.344] [INFO] sdi - Todas las ofertas:se van a mostrar todas las ofertas
[2019-05-04T21:56:48.184] [INFO] sdi - Buscar oferta:se van a mostrar las ofertas que coinciden con la búsqueda
[2019-05-04T21:56:54.510] [INFO] sdi - Comprar oferta:La oferta se compró correctamente
[2019-05-04T21:56:54.900] [INFO] sdi - Comprar oferta:La oferta se compró correctamente
[2019-05-04T21:57:38.939] [INFO] sdi - Admin ha reseteado la base de datos
[2019-05-04T21:57:39.758] [INFO] sdi - Usuario admin creado
[2019-05-04T21:57:58.482] [INFO] sdi - Todas las ofertas:se van a mostrar todas las ofertas
[2019-05-04T21:58:04.474] [INFO] sdi - Buscar oferta:se van a mostrar las ofertas que coinciden con la búsqueda
[2019-05-04T21:58:10.880] [INFO] sdi - Comprar oferta:La oferta se compró correctamente
[2019-05-04T21:58:11.351] [INFO] sdi - Comprar oferta:La oferta se compró correctamente
[2019-05-04T22:00:00.663] [INFO] sdi - Admin ha reseteado la base de datos
[2019-05-04T22:00:01.527] [INFO] sdi - Usuario admin creado
[2019-05-04T22:00:47.257] [INFO] sdi - Admin ha reseteado la base de datos
[2019-05-04T22:00:48.163] [INFO] sdi - Usuario admin creado
[2019-05-04T22:01:06.953] [INFO] sdi - Todas las ofertas:se van a mostrar todas las ofertas
[2019-05-04T22:01:07.780] [INFO] sdi - Buscar oferta:se van a mostrar las ofertas que coinciden con la búsqueda
[2019-05-04T22:01:09.108] [INFO] sdi - Comprar oferta:La oferta se compró correctamente
[2019-05-04T22:01:09.565] [INFO] sdi - Comprar oferta:La oferta se compró correctamente
[2019-05-04T22:02:27.666] [INFO] sdi - Admin ha reseteado la base de datos
[2019-05-04T22:02:28.509] [INFO] sdi - Usuario admin creado
[2019-05-04T22:02:47.121] [INFO] sdi - Todas las ofertas:se van a mostrar todas las ofertas
[2019-05-04T22:02:48.580] [INFO] sdi - Buscar oferta:se van a mostrar las ofertas que coinciden con la búsqueda
[2019-05-04T22:02:49.069] [ERROR] sdi - Comprar oferta:No tienes suficiente dinero para adquirir esa oferta
[2019-05-04T22:02:49.497] [INFO] sdi - Todas las ofertas:se van a mostrar todas las ofertas
[2019-05-04T22:03:40.105] [INFO] sdi - Admin ha reseteado la base de datos
[2019-05-04T22:03:40.894] [INFO] sdi - Usuario admin creado
[2019-05-04T22:04:00.558] [INFO] sdi - Todas las ofertas:se van a mostrar todas las ofertas
[2019-05-04T22:04:01.365] [INFO] sdi - Buscar oferta:se van a mostrar las ofertas que coinciden con la búsqueda
[2019-05-04T22:04:01.887] [ERROR] sdi - Comprar oferta:No tienes suficiente dinero para adquirir esa oferta
[2019-05-04T22:04:02.315] [INFO] sdi - Todas las ofertas:se van a mostrar todas las ofertas
[2019-05-04T22:06:38.958] [INFO] sdi - Admin ha reseteado la base de datos
[2019-05-04T22:06:39.793] [INFO] sdi - Usuario admin creado
[2019-05-04T22:07:02.755] [INFO] sdi - Admin ha reseteado la base de datos
[2019-05-04T22:07:03.636] [INFO] sdi - Usuario admin creado
[2019-05-04T22:07:46.774] [INFO] sdi - Admin ha reseteado la base de datos
[2019-05-04T22:07:47.692] [INFO] sdi - Usuario admin creado
[2019-05-04T22:08:06.330] [INFO] sdi - Todas las ofertas:se van a mostrar todas las ofertas
[2019-05-04T22:08:12.149] [INFO] sdi - Buscar oferta:se van a mostrar las ofertas que coinciden con la búsqueda
[2019-05-04T22:08:13.472] [INFO] sdi - Comprar oferta:La oferta se compró correctamente
[2019-05-04T22:08:13.987] [INFO] sdi - Comprar oferta:La oferta se compró correctamente
[2019-05-04T22:08:50.044] [INFO] sdi - Admin ha reseteado la base de datos
[2019-05-04T22:08:51.184] [INFO] sdi - Usuario admin creado
[2019-05-04T22:09:11.077] [INFO] sdi - Todas las ofertas:se van a mostrar todas las ofertas
[2019-05-04T22:09:16.941] [INFO] sdi - Buscar oferta:se van a mostrar las ofertas que coinciden con la búsqueda
[2019-05-04T22:09:17.481] [INFO] sdi - Todas las ofertas:se van a mostrar todas las ofertas
[2019-05-04T22:09:24.015] [INFO] sdi - Comprar oferta:La oferta se compró correctamente
[2019-05-04T22:09:24.556] [INFO] sdi - Comprar oferta:La oferta se compró correctamente
[2019-05-04T22:11:26.165] [INFO] sdi - Admin ha reseteado la base de datos
[2019-05-04T22:11:27.199] [INFO] sdi - Usuario admin creado
[2019-05-04T22:11:46.542] [INFO] sdi - Todas las ofertas:se van a mostrar todas las ofertas
[2019-05-04T22:11:52.398] [INFO] sdi - Buscar oferta:se van a mostrar las ofertas que coinciden con la búsqueda
[2019-05-04T22:11:54.118] [INFO] sdi - Comprar oferta:La oferta se compró correctamente
[2019-05-04T22:11:54.635] [INFO] sdi - Comprar oferta:La oferta se compró correctamente
[2019-05-04T22:12:00.185] [INFO] sdi - Todas las ofertas:se van a mostrar todas las ofertas
[2019-05-04T22:12:06.045] [INFO] sdi - Buscar oferta:se van a mostrar las ofertas que coinciden con la búsqueda
[2019-05-04T22:12:07.486] [INFO] sdi - Comprar oferta:La oferta se compró correctamente
[2019-05-04T22:12:07.944] [INFO] sdi - Comprar oferta:La oferta se compró correctamente
[2019-05-04T22:12:13.504] [INFO] sdi - Comprar oferta:La oferta se compró correctamente
[2019-05-04T22:12:51.911] [INFO] sdi - Admin ha reseteado la base de datos
[2019-05-04T22:12:53.008] [INFO] sdi - Usuario admin creado
[2019-05-04T22:13:40.335] [INFO] sdi - Admin ha reseteado la base de datos
[2019-05-04T22:13:41.247] [INFO] sdi - Usuario admin creado
[2019-05-04T22:14:26.696] [INFO] sdi - Admin ha reseteado la base de datos
[2019-05-04T22:14:27.569] [INFO] sdi - Usuario admin creado
